[01:32:31] [ServerMain/INFO]: [bootstrap] Running Java 21 (OpenJDK 64-Bit Server VM 21.0.6+7-Ubuntu-120.04.1; Ubuntu null) on Linux 6.8.0-1027-azure (amd64)
[01:32:31] [ServerMain/INFO]: [bootstrap] Loading Paper 1.21-130-master@b1b5d4c (2024-08-10T10:02:42Z) for Minecraft 1.21
[01:32:32] [ServerMain/INFO]: [PluginInitializerManager] Initializing plugins...
[01:32:32] [ServerMain/INFO]: [PluginInitializerManager] Initialized 0 plugins
[01:32:32] [Paper Plugin Remapper Thread - 1/INFO]: [ReobfServer] Remapping server...
[01:32:42] [ServerMain/INFO]: Environment: Environment[sessionHost=https://sessionserver.mojang.com, servicesHost=https://api.minecraftservices.com, name=PROD]
[01:32:42] [ServerMain/INFO]: Found new data pack file/bukkit, loading it automatically
[01:32:42] [ServerMain/INFO]: Found new data pack paper, loading it automatically
[01:32:43] [Paper Plugin Remapper Thread - 1/INFO]: [ReobfServer] Done remapping server in 10829ms.
[01:32:43] [ServerMain/INFO]: No existing world data, creating new world
[01:32:44] [ServerMain/INFO]: Loaded 1290 recipes
[01:32:44] [ServerMain/INFO]: Loaded 1399 advancements
[01:32:44] [Server thread/INFO]: Starting minecraft server version 1.21
[01:32:44] [Server thread/INFO]: Loading properties
[01:32:44] [Server thread/INFO]: This server is running Paper version 1.21-130-master@b1b5d4c (2024-08-10T10:02:42Z) (Implementing API version 1.21-R0.1-SNAPSHOT)
[01:32:45] [Server thread/INFO]: [spark] This server bundles the spark profiler. For more information please visit https://docs.papermc.io/paper/profiling
[01:32:45] [Server thread/INFO]: Server Ping Player Sample Count: 12
[01:32:45] [Server thread/INFO]: Using 4 threads for Netty based IO
[01:32:46] [Server thread/INFO]: [ChunkTaskScheduler] Chunk system is using 1 I/O threads, 1 worker threads, and population gen parallelism of 1 threads
[01:32:46] [Server thread/INFO]: Default game type: SURVIVAL
[01:32:46] [Server thread/INFO]: Generating keypair
[01:32:46] [Server thread/INFO]: Starting Minecraft server on *:25565
[01:32:46] [Server thread/INFO]: Using epoll channel type
[01:32:46] [Server thread/INFO]: Paper: Using libdeflate (Linux x86_64) compression from Velocity.
[01:32:46] [Server thread/INFO]: Paper: Using OpenSSL 1.1.x (Linux x86_64) cipher from Velocity.
[01:32:46] [Server thread/WARN]: **** SERVER IS RUNNING IN OFFLINE/INSECURE MODE!
[01:32:46] [Server thread/WARN]: The server will make no attempt to authenticate usernames. Beware.
[01:32:46] [Server thread/WARN]: While this makes the game possible to play without internet access, it also opens up the ability for hackers to connect with any username they choose.
[01:32:46] [Server thread/WARN]: To change this, set "online-mode" to "true" in the server.properties file.
[01:32:46] [Server thread/INFO]: Preparing level "world"
[01:33:00] [Server thread/INFO]: Preparing start region for dimension minecraft:overworld
[01:33:09] [Server thread/INFO]: Time elapsed: 8925 ms
[01:33:09] [Server thread/INFO]: Preparing start region for dimension minecraft:the_nether
[01:33:11] [Server thread/INFO]: Time elapsed: 1670 ms
[01:33:11] [Server thread/INFO]: Preparing start region for dimension minecraft:the_end
[01:33:11] [Server thread/INFO]: Time elapsed: 499 ms
[01:33:12] [Server thread/INFO]: [spark] Starting background profiler...
[01:33:12] [Server thread/INFO]: Done preparing level "world" (25.671s)
[01:33:12] [Server thread/INFO]: Running delayed init tasks
[01:33:12] [Server thread/INFO]: Done (41.990s)! For help, type "help"
[01:33:12] [Server thread/INFO]: *************************************************************************************
[01:33:12] [Server thread/INFO]: This is the first time you're starting this server.
[01:33:12] [Server thread/INFO]: It's recommended you read our 'Getting Started' documentation for guidance.
[01:33:12] [Server thread/INFO]: View this and more helpful information here: https://docs.papermc.io/paper/next-steps
[01:33:12] [Server thread/INFO]: *************************************************************************************
[01:33:12] [Server thread/INFO]: Timings Reset
